<?xml version="1.0" encoding="UTF-8"?>
<Site BuildName="(empty)"
	BuildStamp="20240117-1057-Experimental"
	Name="rosmanuel"
	Generator="ctest-3.22.1"
	CompilerName="/usr/bin/g++"
	CompilerVersion="11.4.0"
	OSName="Linux"
	Hostname="rosmanuel"
	OSRelease="6.5.0-14-generic"
	OSVersion="#14~22.04.1-Ubuntu SMP PREEMPT_DYNAMIC Mon Nov 20 18:15:30 UTC 2"
	OSPlatform="x86_64"
	Is64Bits="1"
	VendorString="GenuineIntel"
	VendorID="Intel Corporation"
	FamilyID="6"
	ModelID="94"
	ProcessorCacheSize="6144"
	NumberOfLogicalCPU="4"
	NumberOfPhysicalCPU="4"
	TotalVirtualMemory="2047"
	TotalPhysicalMemory="15881"
	LogicalProcessorsPerPhysical="1"
	ProcessorClockFrequency="2700"
	>
	<Testing>
		<StartDateTime>Jan 17 13:55 CET</StartDateTime>
		<StartTestTime>1705496139</StartTestTime>
		<TestList/>
		<EndDateTime>Jan 17 13:55 CET</EndDateTime>
		<EndTestTime>1705496139</EndTestTime>
		<ElapsedMinutes>0</ElapsedMinutes>
	</Testing>
</Site>
